{"C:\\work\\jest-demo\\src\\greet.ts": {"path":"C:\\work\\jest-demo\\src\\greet.ts","statementMap":{"0":{"start":{"line":1,"column":0},"end":{"line":2,"column":18}},"1":{"start":{"line":2,"column":0},"end":{"line":2,"column":18}}},"fnMap":{"0":{"name":"(anonymous_0)","decl":{"start":{"line":1,"column":15},"end":{"line":1,"column":16}},"loc":{"start":{"line":1,"column":28},"end":{"line":2,"column":10}}}},"branchMap":{},"s":{"0":1,"1":1},"f":{"0":1},"b":{}}
,"C:\\work\\jest-demo\\src\\mylib.ts": {"path":"C:\\work\\jest-demo\\src\\mylib.ts","statementMap":{"0":{"start":{"line":2,"column":2},"end":{"line":2,"column":15}},"1":{"start":{"line":1,"column":0},"end":{"line":1,"column":16}},"2":{"start":{"line":6,"column":2},"end":{"line":8,"column":5}},"3":{"start":{"line":7,"column":4},"end":{"line":7,"column":50}},"4":{"start":{"line":7,"column":21},"end":{"line":7,"column":42}},"5":{"start":{"line":5,"column":0},"end":{"line":5,"column":22}},"6":{"start":{"line":12,"column":2},"end":{"line":14,"column":null}},"7":{"start":{"line":12,"column":15},"end":{"line":12,"column":16}},"8":{"start":{"line":13,"column":4},"end":{"line":13,"column":16}},"9":{"start":{"line":11,"column":0},"end":{"line":11,"column":16}},"10":{"start":{"line":18,"column":2},"end":{"line":18,"column":45}},"11":{"start":{"line":17,"column":0},"end":{"line":17,"column":16}}},"fnMap":{"0":{"name":"add","decl":{"start":{"line":1,"column":16},"end":{"line":1,"column":19}},"loc":{"start":{"line":1,"column":24},"end":{"line":3,"column":1}}},"1":{"name":"timer","decl":{"start":{"line":5,"column":22},"end":{"line":5,"column":27}},"loc":{"start":{"line":5,"column":34},"end":{"line":9,"column":null}}},"2":{"name":"(anonymous_17)","decl":{"start":{"line":6,"column":21},"end":{"line":6,"column":22}},"loc":{"start":{"line":6,"column":37},"end":{"line":8,"column":3}}},"3":{"name":"(anonymous_18)","decl":{"start":{"line":7,"column":15},"end":{"line":7,"column":21}},"loc":{"start":{"line":7,"column":15},"end":{"line":7,"column":28}}},"4":{"name":"loop","decl":{"start":{"line":11,"column":16},"end":{"line":11,"column":20}},"loc":{"start":{"line":11,"column":38},"end":{"line":15,"column":1}}},"5":{"name":"clamp","decl":{"start":{"line":17,"column":16},"end":{"line":17,"column":21}},"loc":{"start":{"line":17,"column":37},"end":{"line":19,"column":1}}}},"branchMap":{},"s":{"0":5,"1":1,"2":1,"3":1,"4":0,"5":1,"6":1,"7":1,"8":5,"9":1,"10":5,"11":1},"f":{"0":5,"1":1,"2":1,"3":0,"4":1,"5":5},"b":{}}
}
